#EXTM3U
#EXTINF:-1 group-title="Региональные",11 канал (Пенза)
http://85.234.33.64/stream/c11.m3u8
#EXTINF:-1 group-title="Региональные",12 канал HD
http://12channel.bonus-tv.ru/cdn/12channel/playlist_hdhigh.m3u8
#EXTINF:-1 group-title="Музыка",1HDmusic
https://livetv.mylifeisgood.ml/channels/1hdmusic.m3u8
#EXTINF:-1 group-title="Кино и сериалы",2x2
https://bl.uma.media/live/317805/HLS/317805_3/1/1/playlist.m3u8
#EXTINF:-1 group-title="Россия",2x2 HD
https://bl.uma.media/live/317805/HLS/4614144_3/1613019214/3754dbee773afc02014172ca26d3bb79/playlist.m3u8
#EXTINF:-1 group-title="Познавательные",365 дней ТВ
http://hlstv.kem.211.ru/239.211.200.138/stream.m3u8
#EXTINF:-1 group-title="Разные",7 ТВ
http://vod.tv7.fi:1935/tv7-ru/_definst_/smil:tv7-ru.smil/playlist.m3u8
#EXTINF:-1 group-title="Разные",7 ТВ
https://v4.proofix.ru/7tv-live/index.m3u8
#EXTINF:-1 group-title="Россия",8 канал
http://v4.proofix.ru:80/8tv-russia/index.m3u8
#EXTINF:-1 group-title="Россия",8 канал International
http://v4.proofix.ru:80/8tv-europe/index.m3u8
#EXTINF:-1 group-title="Кино и сериалы",Amedia Hit
http://37.17.14.149:8903/play/a007
#EXTINF:-1 group-title="Кино и сериалы",Amedia Hit HD
http://193.33.240.8:8080/amedia_hit_hd/index.m3u8
#EXTINF:-1 group-title="Детские",Ani
http://hlstv.kem.211.ru/239.211.211.98/stream.m3u8
#EXTINF:-1 group-title="XXX",Asian
http://live.adultiptv.net/asian.m3u8
#EXTINF:-1 group-title="XXX",Babestation
http://sdn-global-live-streaming-packager-cache-3qsdn.akamaized.net/9528/9528_264_live.m3u8
#EXTINF:-1  tvg-logo="http://epg.it999.ru/img2/4770.png",BackusTV
https://stream.backustv.ru/live/btv/index.m3u8
#EXTINF:-1 group-title="Кино",BackusTV Dark
http://stream.backustv.ru/live/btv2/index.m3u8
#EXTINF:-1 group-title="Музыка",BackusTV Music
http://stream.backustv.ru/live/btv3/index.m3u8
#EXTINF:-1 group-title="Кино",BackusTV Original
http://stream.backustv.ru/live/btv/index.m3u8
#EXTINF:-1  tvg-logo="http://epg.it999.ru/img2/4662.png",BackusTV Страшное
https://stream.backustv.ru/live/btv2/index.m3u8
#EXTINF:-1 group-title="XXX",Balkan Erotic
http://a0bn5xro.rostelekom.xyz/iptv/9HDQFHY4ABB7AQ/6270/index.m3u8
#EXTINF:-1 group-title="XXX",Barely Legal
http://a0bn5xro.rostelekom.xyz/iptv/9HDQFHY4ABB7AQ/871/index.m3u8
#EXTINF:-1 group-title="XXX",Big Ass
http://live.adultiptv.net/bigass.m3u8
#EXTINF:-1 group-title="XXX",Big Dick
http://live.adultiptv.net/bigdick.m3u8
#EXTINF:-1 group-title="XXX",Big Tits
http://live.adultiptv.net/bigtits.m3u8
#EXTINF:-1 group-title="XXX",Blonde
http://live.adultiptv.net/blonde.m3u8
#EXTINF:-1 group-title="XXX",Blowjob
http://live.adultiptv.net/blowjob.m3u8
#EXTINF:-1 group-title="XXX",Blue Hustler
http://a0bn5xro.rostelekom.xyz/iptv/9HDQFHY4ABB7AQ/1064/index.m3u8
#EXTINF:-1 group-title="XXX",Brazzers TV Europe
http://a0bn5xro.rostelekom.xyz/iptv/9HDQFHY4ABB7AQ/910/index.m3u8
#EXTINF:-1 group-title="Музыка",Bridge Classic
https://livetv.mylifeisgood.ml/channels/bridgeclassictv.m3u8
#EXTINF:-1 group-title="Музыка",Bridge TV
https://livetv.mylifeisgood.ml/channels/bridgetv24h.m3u8
#EXTINF:-1 group-title="Музыка",Bridge TV Deluxe
https://livetv.mylifeisgood.ml/channels/bridgedeluxetv.m3u8
#EXTINF:-1 group-title="Музыка",Bridge TV Hits
https://livetv.mylifeisgood.ml/channels/bridgehitstv.m3u8
#EXTINF:-1 group-title="Музыка",Bridge TV Русский хит
https://livetv.mylifeisgood.ml/channels/bridgerushittv.m3u8
#EXTINF:-1 group-title="Музыка",Bridge TV Фрэш
https://livetv.mylifeisgood.ml/channels/bridgefreshya.m3u8
#EXTINF:-1 group-title="Музыка",Bridge Шлягер
https://livetv.mylifeisgood.ml/channels/bridgetvshlyager.m3u8
#EXTINF:-1 group-title="XXX",Brunette
http://live.adultiptv.net/brunette.m3u8
#EXTINF:-1 group-title="Детские",Cartoon Network
http://89.254.128.5:22280/cartoon_network/video.m3u8
#EXTINF:-1 group-title="Новости",CGTN Русский
http://news.cgtn.com/resource/live/russian/cgtn-r.m3u8
#EXTINF:-1 group-title="Кино",Cinema
http://176.74.80.162:8099/Cinema/index.m3u8
#EXTINF:-1 group-title="Музыка",Clubbing TV
https://clubbingtv-samsunguk.amagi.tv/playlist720_p.m3u8
#EXTINF:-1 group-title="XXX",Compilation
http://live.adultiptv.net/compilation.m3u8
#EXTINF:-1 group-title="XXX",Cuckold
http://live.adultiptv.net/cuckold.m3u8
#EXTINF:-1 group-title="Познавательные",Discovery Science
http://93.125.34.51:30002/DiscoveryScience/index.m3u8
#EXTINF:-1 group-title="XXX",Erox
http://a0bn5xro.rostelekom.xyz/iptv/9HDQFHY4ABB7AQ/6296/index.m3u8
#EXTINF:-1 group-title="XXX",Erox
http://94.229.250.73:8008/play/a002
#EXTINF:-1 group-title="Новости",Euronews
http://portal.ott.pink/watch/7045/video.m3u8?geo=auto&token=CFEADF9789D77A45B3B359EE168CCCA6
#EXTINF:-1 group-title="Кино и сериалы",Fan
http://94.230.240.17:8080/fan/index.m3u8
#EXTINF:-1 group-title="Кино и сериалы",FAN
http://193.33.240.8:8080/fan/index.m3u8
#EXTINF:-1 group-title="Кино",FAN
http://hlstv.kem.211.ru/239.211.200.51/stream.m3u8
#EXTINF:-1 group-title="Музыка",Fashion TV Midnite Secrets
http://fashs043.cloudycdn.services/scte/midnite/midnite_1080p_chunklist.m3u8
#EXTINF:-1 group-title="XXX",Fetish
http://live.adultiptv.net/fetish.m3u8
#EXTINF:-1 group-title="Спорт",FightBox
http://176.74.80.162:8099/FightBox/index.m3u8
#EXTINF:-1 group-title="Кино",FilmBox Russia
http://94.230.240.17:8080/film_box/index.m3u8
#EXTINF:-1 group-title="Кино и сериалы",Film-UA
https://stream.ads.ottera.tv/playlist.m3u8?network_id=3504
#EXTINF:-1 group-title="Женские",Food Network
http://hlstv.kem.211.ru/239.211.200.14/stream.m3u8
#EXTINF:-1 group-title="Кино и сериалы",FOX ABAZA TV
http://clients.apsny.camera:8080/tv_abaza_tv/index.m3u8
#EXTINF:-1 group-title="Новости",Freeдом
http://portal.ott.pink/watch/7431/video.m3u8?geo=auto&token=CFEADF9789D77A45B3B359EE168CCCA6
#EXTINF:-1 group-title="XXX",Gay
http://live.adultiptv.net/gay.m3u8
#EXTINF:-1 group-title="XXX",Gangbang
http://live.adultiptv.net/gangbang.m3u8
#EXTINF:-1 group-title="XXX",Hardcore
http://live.adultiptv.net/hardcore.m3u8
#EXTINF:-1 group-title="Познавательные",HD Life
http://hlstv.kem.211.ru/239.211.200.6/stream.m3u8
#EXTINF:-1 group-title="Кино",Hollywood HD
http://hlstv.kem.211.ru/239.211.200.5/stream.m3u8
#EXTINF:-1 group-title="Познавательные",Home 4K
http://hlstv.kem.211.ru/239.211.200.62/stream.m3u8
#EXTINF:-1 group-title="XXX",Hot Pleasure
http://a0bn5xro.rostelekom.xyz/iptv/9HDQFHY4ABB7AQ/6277/index.m3u8
#EXTINF:-1 group-title="XXX",Hustler HD
http://a0bn5xro.rostelekom.xyz/iptv/9HDQFHY4ABB7AQ/9065/index.m3u8
#EXTINF:-1 group-title="XXX",Interracial
http://live.adultiptv.net/interracial.m3u8
#EXTINF:-1 group-title="Спорт",KHL
http://bl.uma.media/live/148307/HLS/148307_3/2/1/playlist.m3u8
#EXTINF:-1 group-title="Спорт",KHL Prime
http://bl.uma.media/live/171748/HLS/171748_4/2/1/playlist.m3u8
#EXTINF:-1 group-title="Кино и сериалы",Kino
https://stream.ads.ottera.tv/playlist.m3u8?network_id=3524
#EXTINF:-1 group-title="Музыка",Kronehit HD
http://bitcdn-kronehit.bitmovin.com/v2/hls/chunklist_b1628000.m3u8
#EXTINF:-1 group-title="XXX",Latina
http://live.adultiptv.net/latina.m3u8
#EXTINF:-1 group-title="Кино",LAVA HD
https://stream-us-east-1.getpublica.com/playlist.m3u8?network_id=1548
#EXTINF:-1 group-title="XXX",Lesbian
http://live.adultiptv.net/lesbian.m3u8
#EXTINF:-1 group-title="XXX",Live Cams
http://live.adultiptv.net/livecams.m3u8
#EXTINF:-1 group-title="Спорт",M-1 Global
http://94.230.240.17:8080/m1global/index.m3u8
#EXTINF:-1 group-title="XXX",MILF
http://live.adultiptv.net/milf.m3u8
#EXTINF:-1 group-title="Музыка",MTV Biggest Pop HD
http://pluto-live.plutotv.net/egress/chandler/pluto01/live/VIACBS02/master.m3u8
#EXTINF:-1 group-title="Музыка",MTV Block Party HD
http://pluto-live.plutotv.net/egress/chandler/pluto01/live/VIACBS03/master.m3u8
#EXTINF:-1 group-title="Музыка",MTV Yo
http://pluto-live.plutotv.net/egress/chandler/pluto01/live/VIACBS01/master.m3u8
#EXTINF:-1 group-title="Музыка",MTV Spanking New HD
http://pluto-live.plutotv.net/egress/chandler/pluto01/live/VIACBS07/master.m3u8
#EXTINF:-1 group-title="XXX",Naughty America
http://a0bn5xro.rostelekom.xyz/iptv/9HDQFHY4ABB7AQ/6237/index.m3u8
#EXTINF:-1 group-title="Детские",Nicktoons
http://89.254.128.5:22280/nicktoons/video.m3u8
#EXTINF:-1 group-title="Познавательные",Ocean TV
http://146.158.0.56:80/OceanTV/index.m3u8
#EXTINF:-1 group-title="Музыка",Ocko Expres
http://ocko-live.ssl.cdn.cra.cz/channels/ocko_expres/playlist/cze/live_hq.m3u8
#EXTINF:-1 group-title="Музыка",Ocko Gold
https://ocko-live-dash.ssl.cdn.cra.cz/cra_live2/ocko_gold.stream.1.smil/playlist.m3u8
#EXTINF:-1 group-title="Музыка",Ocko Star
http://ocko-live.ssl.cdn.cra.cz/channels/ocko_gold/playlist/cze/live_hq.m3u8
#EXTINF:-1 group-title="Музыка",Ocko TV
http://ocko-live.ssl.cdn.cra.cz/channels/ocko/playlist/cze/live_hq.m3u8
#EXTINF:-1 group-title="XXX",Penthouse Gold HD
http://a0bn5xro.rostelekom.xyz/iptv/9HDQFHY4ABB7AQ/5011/index.m3u8
#EXTINF:-1 group-title="XXX",Penthouse Quickies HD
http://a0bn5xro.rostelekom.xyz/iptv/9HDQFHY4ABB7AQ/5013/index.m3u8
#EXTINF:-1 group-title="XXX",PinkErotic1
http://a0bn5xro.rostelekom.xyz/iptv/9HDQFHY4ABB7AQ/12146/index.m3u8
#EXTINF:-1 group-title="XXX",PinkErotic2
http://a0bn5xro.rostelekom.xyz/iptv/9HDQFHY4ABB7AQ/12147/index.m3u8
#EXTINF:-1 group-title="XXX",PinkErotic3
http://a0bn5xro.rostelekom.xyz/iptv/9HDQFHY4ABB7AQ/12148/index.m3u8
#EXTINF:-1 group-title="XXX",PinkErotic4
http://a0bn5xro.rostelekom.xyz/iptv/9HDQFHY4ABB7AQ/12149/index.m3u8
#EXTINF:-1 group-title="XXX",PinkErotic5
http://a0bn5xro.rostelekom.xyz/iptv/9HDQFHY4ABB7AQ/12150/index.m3u8
#EXTINF:-1 group-title="XXX",PinkErotic6
http://a0bn5xro.rostelekom.xyz/iptv/9HDQFHY4ABB7AQ/12151/index.m3u8
#EXTINF:-1 group-title="XXX",PinkErotic7
http://a0bn5xro.rostelekom.xyz/iptv/9HDQFHY4ABB7AQ/12152/index.m3u8
#EXTINF:-1 group-title="XXX",PinkErotic8
http://a0bn5xro.rostelekom.xyz/iptv/9HDQFHY4ABB7AQ/12153/index.m3u8
#EXTINF:-1 group-title="XXX",Playboy TV
http://a0bn5xro.rostelekom.xyz/iptv/9HDQFHY4ABB7AQ/12135/index.m3u8
#EXTINF:-1 group-title="Кино",Plan B
http://hlstv.kem.211.ru/239.211.200.50/stream.m3u8
#EXTINF:-1 group-title="XXX",Pornstar
http://live.adultiptv.net/pornstar.m3u8
#EXTINF:-1 group-title="XXX",POV
http://live.adultiptv.net/pov.m3u8
#EXTINF:-1 group-title="XXX",Private HD
http://a0bn5xro.rostelekom.xyz/iptv/9HDQFHY4ABB7AQ/6245/index.m3u8
#EXTINF:-1 group-title="XXX",Pure Babes
http://a0bn5xro.rostelekom.xyz/iptv/9HDQFHY4ABB7AQ/12112/index.m3u8
#EXTINF:-1  tvg-logo="https://epg.iptvx.one/icn/shanson-tv.png",Radio Шансон-ТВ
http://tntmsmotr.mediacdn.ru/cdn/smotr/playlist_hdlow.m3u8
#EXTINF:-1  tvg-logo="https://epg.iptvx.one/icn/shanson-tv.png",Radio Шансон-ТВ
http://chanson-video.hostingradio.ru:8080/hls/chansonabr/live.m3u8
#EXTINF:-1 group-title="XXX",Redlight HD
http://a0bn5xro.rostelekom.xyz/iptv/9HDQFHY4ABB7AQ/9066/index.m3u8
#EXTINF:-1 group-title="Кино и сериалы",Retro Cartoon
https://stmv1.srvif.com/retrotv/retrotv/playlist.m3u8
#EXTINF:-1 group-title="XXX",Rough
http://live.adultiptv.net/rough.m3u8
#EXTINF:-1 group-title="Познавательные",RTG HD
http://hlstv.kem.211.ru/239.211.200.20/stream.m3u8
#EXTINF:-1 group-title="Новости",RTVi
http://138.201.67.145:8081/rtvi/index.m3u8
#EXTINF:-1 ,RTVI
http://streamer1.ruslanatv.ru/russia/rtvi_2023/playlist.m3u8
#EXTINF:-1  tvg-logo="http://epg.it999.ru/img/2277.png",RU.TV
https://hls-03-video.webcaramba.com/rutv/live_720/index.m3u8
#EXTINF:-1 group-title="XXX",Russian
http://live.adultiptv.net/russian.m3u8
#EXTINF:-1 group-title="Музыка",Russian Music Box
https://livetv.mylifeisgood.ml/channels/rusmusicbox.m3u8
#EXTINF:-1 group-title="Кино и сериалы",SD REX
http://193.33.240.8:8080/rus-extrim/index.m3u8
#EXTINF:-1  tvg-logo="http://epg.it999.ru/img2/2812.png",SETANTA SPORTS 1 HD
https://livetv.mylifeisgood.ml/channels/setantahd
#EXTINF:-1  tvg-logo="http://epg.it999.ru/img2/2813.png",Setanta Sports 2 HD
https://livetv.mylifeisgood.ml/channels/setantaplus
#EXTINF:-1 group-title="Кино и сериалы",STAR-CINEMA
https://stream.ads.ottera.tv/playlist.m3u8?network_id=3391
#EXTINF:-1 group-title="Кино",Start Air
https://livetv.mylifeisgood.ml/channels/96d9a62bc619079db307c8fd067a1ab9.m3u8
#EXTINF:-1 group-title="Кино",Start World
https://livetv.mylifeisgood.ml/channels/ccf149ef976cb08ffb31e2047772386a.m3u8
#EXTINF:-1 group-title="Музыка",Stingray Alternative HD
https://stirr.ott-channels.stingray.com/102/master.m3u8
#EXTINF:-1 group-title="Музыка",Stingray Classic Rock HD
https://stirr.ott-channels.stingray.com/101/master.m3u8
#EXTINF:-1 group-title="Музыка",Stingray Exitos Del Momento HD
https://stirr.ott-channels.stingray.com/190/master.m3u8
#EXTINF:-1 group-title="Музыка",Stingray Flashback 70S HD
https://stirr.ott-channels.stingray.com/115/master.m3u8
#EXTINF:-1 group-title="Музыка",Stingray Greatest Hits HD
https://stirr.ott-channels.stingray.com/155/master.m3u8
#EXTINF:-1 group-title="Музыка",Stingray Hip-Hop/R&B HD
https://stirr.ott-channels.stingray.com/133/master.m3u8
#EXTINF:-1 group-title="Музыка",Stingray Hit List HD
https://stirr.ott-channels.stingray.com/107/master.m3u8
#EXTINF:-1 group-title="Музыка",Stingray Hot Country HD
https://stirr.ott-channels.stingray.com/108/master.m3u8
#EXTINF:-1 group-title="Музыка",Stingray Pop Adult HD
https://stirr.ott-channels.stingray.com/104/master.m3u8
#EXTINF:-1 group-title="Музыка",Stingray Remember The 80S HD
https://stirr.ott-channels.stingray.com/128/master.m3u8
#EXTINF:-1 group-title="Музыка",Stingray Soul Storm STORM HD
https://stirr.ott-channels.stingray.com/134/master.m3u8
#EXTINF:-1 group-title="XXX",Teen
http://live.adultiptv.net/teen.m3u8
#EXTINF:-1 group-title="Спорт",Tennis Channel
https://tennischannel-intl-samsung-uk.amagi.tv/playlist720_p.m3u8
#EXTINF:-1 group-title="Познавательные",Terra
https://livetv.mylifeisgood.ml/channels/national_geographic.m3u8
#EXTINF:-1 group-title="XXX",Threesome
http://live.adultiptv.net/threesome.m3u8
#EXTINF:-1 group-title="Познавательные",Top Secret
https://livetv.mylifeisgood.ml/channels/sovsec127.m3u8
#EXTINF:-1 group-title="Кино",Trash
https://livetv.mylifeisgood.ml/channels/trash.m3u8
#EXTINF:-1 group-title="Познавательные",Travel Channel HD
http://88.216.83.245/travel/tracks-v1a2/mono.m3u8
#EXTINF:-1 group-title="Познавательные",Travel+Adventure
http://hlstv.kem.211.ru/239.211.200.7/stream.m3u8
#EXTINF:-1 group-title="Познавательные",TrаshTravel & Adventure HD
http://45.142.213.81:8001/playlist.m3u8
#EXTINF:-1 group-title="Кино и сериалы",TV 1000 Action HD
https://bl.uma.media/live/485541/HLS/4614144_3/2/1/playlist.m3u8
#EXTINF:-1 group-title="Кино и сериалы",TV 1000 Action HD
http://45.143.108.104:80/TV1000_HD/index.m3u8
#EXTINF:-1 group-title="Кино и сериалы",TV 1000 HD
https://bl.uma.media/live/485542/HLS/4614144_3/2/1/playlist.m3u8
#EXTINF:-1 group-title="Кино и сериалы",TV 1000 Русское кино
http://194.143.148.28:8080/TV1000RuKino/mpegts
#EXTINF:-1 group-title="Музыка",TVM3
https://tvm3.vedge.infomaniak.com/livecast/tvm3/playlist.m3u8
#EXTINF:-1 ,TVRUS
http://czrb8vng.ottclub.xyz/iptv/VK3AX8MG8ZGVY9/14022/index.m3u8
#EXTINF:-1 group-title="Познавательные",Univer TV
http://cdn.universmotri.ru/live/hq.sdp/playlist.m3u8
#EXTINF:-1 group-title="Музыка",V2BEAT HD
http://de1se01.v2beat.live/playlist.m3u8
#EXTINF:-1 group-title="Познавательные",Viasat Explore HD
https://bl.uma.media/live/485546/HLS/4614144_3/2/1/playlist.m3u8
#EXTINF:-1 group-title="Познавательные",Viasat History HD
https://bl.uma.media/live/485544/HLS/4614144_3/2/1/playlist.m3u8
#EXTINF:-1 group-title="Познавательные",Viasat Nature HD
https://bl.uma.media/live/485545/HLS/4614144_3/2/1/playlist.m3u8
#EXTINF:-1 group-title="Спорт",Viasat Sport FHD
http://194.143.148.28:8080/Viasat_Sport/mpegts
#EXTINF:-1  tvg-logo="http://epg.it999.ru/img2/2004.png",Viasat Sport HD
http://bl.uma.media/live/485548/HLS/4614144_3/2/1/playlist.m3u8
#EXTINF:-1 group-title="Кино",Viju TV1000 Русское
https://bl.uma.media/live/485543/HLS/4614144_3/2/1/playlist.m3u8
#EXTINF:-1 group-title="Кино",Viju+ Comedy
https://bl.uma.media/live/485539/HLS/4614144_3/2/1/playlist.m3u8
#EXTINF:-1 group-title="Кино",Viju+ Megahit
https://bl.uma.media/live/485537/HLS/4614144_3/2/1/playlist.m3u8
#EXTINF:-1 group-title="Кино",Viju+ Premiere
https://bl.uma.media/live/485536/HLS/4614144_3/2/1/playlist.m3u8
#EXTINF:-1 group-title="Кино",Viju+ Serial
https://bl.uma.media/live/485540/HLS/4614144_3/2/1/playlist.m3u8
#EXTINF:-1 group-title="Спорт",Viju+ Sport
https://bl.uma.media/live/485548/HLS/4614144_3/2/1/playlist.m3u8
#EXTINF:-1 group-title="Кино и сериалы",VIP Serial
http://94.229.250.73:8008/play/a003
#EXTINF:-1  tvg-logo="https://sat-one.info/news-imeg/58892.jpg",VIVA TV
https://live.prd.dlive.tv/hls/live/viva-russia.m3u8
#EXTINF:-1 group-title="XXX",Vivid Red HD
http://a0bn5xro.rostelekom.xyz/iptv/9HDQFHY4ABB7AQ/2162/index.m3u8
#EXTINF:-1 group-title="XXX",Vivid Touch
http://a0bn5xro.rostelekom.xyz/iptv/9HDQFHY4ABB7AQ/6198/index.m3u8
#EXTINF:-1 group-title="XXX",Vixen
http://a0bn5xro.rostelekom.xyz/iptv/9HDQFHY4ABB7AQ/6265/index.m3u8
#EXTINF:-1 group-title="Познавательные",WORLD HD
http://185.57.68.33:8091/232/tracks-v1a1/index.m3u8
#EXTINF:-1 group-title="XXX",xAnal
http://live.adultiptv.net/anal.m3u8
#EXTINF:-1 group-title="Музыка",Xite HD
https://ms7.mx-cd.net/tv/226-1855782/XITE_NL.smil/chunklist_w323364313_b3328000_slNLD.m3u8
#EXTINF:-1 group-title="Музыка",Zerouno TV
http://5db313b643fd8.streamlock.net:1935/ZerounoTV/ZerounoTV/playlist.m3u8
#EXTINF:-1 group-title="Познавательные",Авто Плюс
http://hlstv.kem.211.ru/239.211.200.150/stream.m3u8
#EXTINF:-1 group-title="Региональные",Аист
http://141.101.205.134:8080/hls/tvaist.m3u8
#EXTINF:-1 group-title="Разные",Аист ТВ
http://194.143.148.28:8080/Aist/mpegts
#EXTINF:-1 ,Анекдот ТВ
http://edge05.beetv.kz:80/btv/SWM/anekdot_tv/anekdot_tv.m3u8
#EXTINF:-1 ,Анекдот ТВ
http://fs2.persik.by/464778/index.m3u8
#EXTINF:-1 group-title="Региональные",Арис 24
http://serv25.vintera.tv:8081/test/aris/playlist.m3u8
#EXTINF:-1 group-title="Кино",Арсенал
http://185.23.80.26:8080/lb/Arsenal_HD/index.m3u8
#EXTINF:-1 group-title="Региональные",Архыз 24
http://live.mediacdn.ru/sr1/arhis24/playlist_hdhigh.m3u8
#EXTINF:-1 group-title="Региональные",Астрахань 24
http://astrakhan24.mediacdn.ru/cdn/astrakhan24/playlist_hdlow.m3u8
#EXTINF:-1 group-title="Разные",БЕЛАРУСЬ 1
http://37.17.12.124:8901/play/a003
#EXTINF:-1 group-title="Разные",БЕЛАРУСЬ 2
http://37.17.12.124:8901/play/a004
#EXTINF:-1 group-title="Разные",БЕЛАРУСЬ 3
http://37.17.12.124:8901/play/a005
#EXTINF:-1 group-title="Разные",Беларусь 4 Витебск
https://flu.vtv.by/bt4-non-by/index.m3u8
#EXTINF:-1 group-title="Разные",Беларусь РТР
http://37.17.12.124:8901/play/a008
#EXTINF:-1 group-title="Региональные",Белгород 24 HD
http://belnovosti.cdn.easyhoster.ru:8080/stream.m3u8
#EXTINF:-1 group-title="Беларусь",БелРос
http://live2.mediacdn.ru/sr1/tro/playlist_1.5M.m3u8
#EXTINF:-1 group-title="Кино",Блокбастер
http://185.23.80.26:8080/lb/Blockbaster/index.m3u8
#EXTINF:-1 group-title="Познавательные",Бобер
http://hlstv.kem.211.ru/239.211.211.34/stream.m3u8
#EXTINF:-1 group-title="Беларусь",Бобруйск 360
http://82.209.197.187:8080/udp/239.0.100.38:1234
#EXTINF:-1 group-title="Познавательные",Большая Азия
http://hlstv.kem.211.ru/239.211.211.162/stream.m3u8
#EXTINF:-1 group-title="Региональные",Ветта 24 Пермь
http://serv24.vintera.tv:8081/vetta/vetta_office/playlist.m3u8
#EXTINF:-1 group-title="Россия",Вместе-РФ
http://cdn-01.bonus-tv.ru:8080/vmesterf/index.m3u8
#EXTINF:-1 ,Военные фильмы HD
http://fs1.persik.by/489152_3/index.m3u8
#EXTINF:-1 group-title="Познавательные",Глазами туриста
https://livetv.mylifeisgood.ml/channels/glazamiturista.m3u8
#EXTINF:-1 group-title="Региональные",Дагестан
http://dagestan.mediacdn.ru/cdn/dagestan/playlist_hdlow.m3u8
#EXTINF:-1 group-title="Детские",Детский мир
http://hlstv.kem.211.ru/239.211.211.80/stream.m3u8
#EXTINF:-1 group-title="Познавательные",Диалоги о Рыбалке
http://176.107.250.4:8001/ch162
#EXTINF:-1 group-title="Познавательные",Дикая охота HD
http://185.23.80.26:8080/lb/Dikaya_Ohota/index.m3u8
#EXTINF:-1 group-title="Познавательные",Дикая рыбалка HD
http://185.23.80.26:8080/lb/Dikaya_Rybalka/index.m3u8
#EXTINF:-1 group-title="Познавательные",Дикий
http://185.23.80.26:8080/lb/Dikiy/index.m3u8
#EXTINF:-1 group-title="Новости",Дождь
http://portal.ott.pink/watch/7319/video.m3u8?geo=auto&token=CFEADF9789D77A45B3B359EE168CCCA6
#EXTINF:-1 group-title="Кино",Дом кино
http://hlstv.kem.211.ru/239.211.211.103/stream.m3u8
#EXTINF:-1  tvg-logo="http://epg.it999.ru/img2/834.png",Дом Кино
http://flu.ttk.mx:9090/Dom_kino/index.m3u8?token=orh6o
#EXTINF:-1 group-title="Кино",Дом кино Премиум HD
http://hlstv.kem.211.ru/239.211.200.103/stream.m3u8
#EXTINF:-1 ,Домашний
http://84.17.61.200:8085/udp/238.2.0.115:1234
#EXTINF:-1 ,Домашний Int.
http://45.159.74.13:80/Domashniy/tracks-v1a1/mono.m3u8
#EXTINF:-1 group-title="Кино",Душевное
http://streamer1.ruslanatv.ru/russia/dushevnoe_2023/playlist.m3u8
#EXTINF:-1 group-title="Региональные",Евразия (Орск)
http://infochh.trkeurasia.ru/hlsinfoch/infochhd.m3u8
#EXTINF:-1 group-title="Музыка",Европа Плюс ТВ
https://livetv.mylifeisgood.ml/channels/europaplustv24.m3u8
#EXTINF:-1 group-title="Женские",Еда
http://185.23.80.26:8080/lb/Eda/index.m3u8
#EXTINF:-1 group-title="Региональные",Енисей HD
http://hls-eniseytv.cdnvideo.ru/eniseytv/stream1/playlist.m3u8
#EXTINF:-1 group-title="Познавательные",Живая природа
https://livetv.mylifeisgood.ml/channels/jivyapriroda.m3u8
#EXTINF:-1 group-title="Женские",Живи
http://138.201.67.145:8081/zhivi/index.m3u8
#EXTINF:-1 group-title="Познавательные",Живи Активно HD
https://livetv.mylifeisgood.ml/channels/jiviactivno.m3u8
#EXTINF:-1 group-title="Познавательные",Загородный International
https://livetv.mylifeisgood.ml/channels/zagorodint.m3u8
#EXTINF:-1 group-title="Россия",Звезда
https://tvchannelstream1.tvzvezda.ru/cdn/tvzvezda/playlist_hdhigh.m3u8
#EXTINF:-1 ,Звезда
http://84.17.61.200:8085/udp/238.2.0.170:1234
#EXTINF:-1 ,Звезда
http://tvchannelstream1.tvzvezda.ru/cdn/tvzvezda/playlist_hdlow.m3u8
#EXTINF:-1 group-title="Россия",Звезда Плюс
http://146.158.0.56:80/ZvezdaPlus/index.m3u8
#EXTINF:-1 ,Звезда Плюс
http://178.160.249.210:8005/play/a08a/index.m3u8
#EXTINF:-1 ,Звязда HD
http://nstreamportal.ru/iptv/iptv_api.php?type=voka&id=aHR0cHM6Ly9hcGkudm9rYS50di92MS9jaGFubmVscy9kOTQ3OTIzNS1mODU4LTQ1YTItOTU3MS0wOWU3ODg5YmI0Nzcvc3RyZWFtLmpzb24%2FY2xpZW50X3ZlcnNpb249MS43LjAuMjQ2JnRpbWV6b25lPTEwODAwJmxvY2FsZT1ydS1SVSZwcm90b2NvbD1obHMmdmlkZW9fY29kZWM9aDI2NCZhdWRpb19jb2RlYz1tcDRhJmRybT1zcGJ0dmNhcyZzY3JlZW5fd2lkdGg9Mzg0MCZzY3JlZW5faGVpZ2h0PTIxNjAmZGV2aWNlX3Rva2VuPTA5MTRkMzAzLWU1YmQtNDY0ZS1iYTVmLTIxYzEzOWFkYWIxYSZjbGllbnRfaWQ9NjljMjk0OWYtZDU2OC00ZDdmLTgwNjgtNWNmMmY2Mjk1ZTU2&.m3u8
#EXTINF:-1 group-title="Кино",Золотая Коллекция. Мосфильм
http://hlstv.kem.211.ru/239.211.200.42/stream.m3u8
#EXTINF:-1 group-title="Россия",Известия
https://hls-igi.cdnvideo.ru/igi/igi_hq/playlist.m3u8
#EXTINF:-1  tvg-logo="http://epg.it999.ru/img2/2271.png",Известия HD
http://hls-igi.cdnvideo.ru/igi/igi_sq/playlist.m3u8
#EXTINF:-1 ,Известия ТВ
http://igi-hls.cdnvideo.ru/igi/igi_tcode/tracks-v2a1/index.m3u8
#EXTINF:-1  tvg-logo="http://epg.it999.ru/img2/2403.png",Иллюзион +
http://flu.ttk.mx:9090/Illuzion+/index.m3u8?token=orh6o
#EXTINF:-1 group-title="Региональные",Ингушетия
http://ingushetia.mediacdn.ru/cdn/ingushetia/playlist_sdhigh.m3u8
#EXTINF:-1 group-title="Кино",Индийское кино
http://hlstv.kem.211.ru/239.211.211.154/stream.m3u8
#EXTINF:-1 group-title="Кино",Индия
http://hlstv.kem.211.ru/239.211.211.84/stream.m3u8
#EXTINF:-1 ,История HD
http://fs1.persik.by/409114_2/index.m3u8
#EXTINF:-1 ,История кратко
http://fs2.persik.by/395002_2/index.m3u8
#EXTINF:-1 group-title="Региональные",К16
http://serv25.vintera.tv:8081/test/k16/playlist.m3u8
#EXTINF:-1 group-title="Кино",Камеди
http://185.23.80.26:8080/lb/Camedi/index.m3u8
#EXTINF:-1 ,Камеди HD
http://czrb8vng.ottclub.xyz/iptv/VK3AX8MG8ZGVY9/2441/index.m3u8
#EXTINF:-1 group-title="Юмор",КВН ТВ
http://hlstv.kem.211.ru/239.211.211.17/stream.m3u8
#EXTINF:-1 ,КВН ТВ
http://95.217.196.109:8081/russia/kvn_2023/playlist.m3u8
#EXTINF:-1 group-title="Кино",Кинеко
https://livetv.mylifeisgood.ml/channels/fox.m3u8
#EXTINF:-1 group-title="Кино",Кино ТВ
http://185.23.80.26:8080/lb/Kino_TV/index.m3u8
#EXTINF:-1  tvg-logo="http://epg.it999.ru/img2/2506.png",Кино ТВ HD
https://livetv.mylifeisgood.ml/channels/kinotvst.m3u8
#EXTINF:-1 ,Кино-антистресс
http://fs2.persik.by/485815_2/index.m3u8
#EXTINF:-1 group-title="Кино и сериалы",Кинозал (Видеокассета)
https://v2.catcast.tv/content/37925/index.m3u8
#EXTINF:-1 group-title="Кино и сериалы",Кинозал Ginx
https://iptvplay.catcast.tv/content/39161/index.m3u8
#EXTINF:-1 group-title="Кино",Кинокомедия
http://hlstv.kem.211.ru/239.211.200.139/stream.m3u8
#EXTINF:-1 ,Кинокомедия
http://84.17.61.200:8085/udp/238.2.0.26:1234
#EXTINF:-1 group-title="Кино",Кинопоказ
http://185.23.80.26:8080/lb/Kinopokaz/index.m3u8
#EXTINF:-1 group-title="Кино",Кинопремьера
http://hlstv.kem.211.ru/239.211.200.28/stream.m3u8
#EXTINF:-1 group-title="Кино",Киносерия
http://hlstv.kem.211.ru/239.211.200.44/stream.m3u8
#EXTINF:-1 group-title="Кино",Киноужас
http://hlstv.kem.211.ru/239.211.200.43/stream.m3u8
#EXTINF:-1 group-title="Кино",Комедия
http://176.107.250.4:8003/ch108
#EXTINF:-1 group-title="Спорт",Конный мир
https://bl.uma.media/live/400930/HLS/4614144_3/1/1/playlist.m3u8
#EXTINF:-1 group-title="Разные",Крым 1
http://192.166.144.111:8000/play/a04k/index.m3u8
#EXTINF:-1 group-title="Познавательные",Кто есть кто
http://hlstv.kem.211.ru/239.211.211.192/stream.m3u8
#EXTINF:-1 group-title="Разные",Легендарный 24
http://46.151.151.245:10001/play/a003/index.m3u8
#EXTINF:-1 group-title="Разные",Лен ТВ 24 FHD
http://tele2dvrnat01-02.cdnvideo.ru:80/stream/NAT_LenTV/hls/1920x1080@4504/playlist.m3u8
#EXTINF:-1 group-title="Кино",Любимое кино
http://hlstv.kem.211.ru/239.211.211.187/stream.m3u8
#EXTINF:-1 group-title="Женские",Мама
http://hlstv.kem.211.ru/239.211.211.7/stream.m3u8
#EXTINF:-1 group-title="Детские",Мама
http://193.33.240.8:8080/mama/index.m3u8
#EXTINF:-1 group-title="Спорт",МАТЧ! HD
http://194.143.148.28:8080/MatchHD/mpegts
#EXTINF:-1 group-title="Спорт",МАТЧ! АРЕНА
http://194.143.148.28:8080/MatchArena/mpegts
#EXTINF:-1 group-title="Спорт",Матч! Боец
http://bl.uma.media/live/132838/HLS/132838_4/2/1/playlist.m3u8
#EXTINF:-1 group-title="Спорт",Матч! Страна
https://bl.uma.media/live/291661/HLS/4614144_3/2/1/playlist.m3u8
#EXTINF:-1 group-title="Спорт",Матч! Футбол 1
http://bl.uma.media/live/126863/HLS/6866944_4/2/1/playlist.m3u8
#EXTINF:-1 group-title="Спорт",Матч! Футбол 2
http://bl.uma.media/live/126864/HLS/6866944_4/2/1/playlist.m3u8
#EXTINF:-1 group-title="Спорт",Матч! Футбол 3
http://bl.uma.media/live/126865/HLS/6866944_4/2/1/playlist.m3u8
#EXTINF:-1 group-title="Региональные",Миллет
http://live.trkmillet.ru/millet/index.m3u8
#EXTINF:-1 group-title="Познавательные",Министерство идей
http://live-minidey.cdnvideo.ru/minidey/minidey.sdp/playlist.m3u8
#EXTINF:-1 group-title="Россия",Мир
http://hls.mirtv.cdnvideo.ru/mirtv-parampublish/mirtv_2500/playlist.m3u8
#EXTINF:-1 group-title="Россия",Мир 24
http://hls.mirtv.cdnvideo.ru/mirtv-parampublish/mir24_2500/playlist.m3u8
#EXTINF:-1  tvg-logo="http://epg.it999.ru/img2/2078.png",Мир 24
https://hls-mirtv.cdnvideo.ru/mirtv-parampublish/mir24_2500/tracks-v1a1/mono.m3u8
#EXTINF:-1 group-title="Региональные",Мордовия 24
https://live-mordovia24.cdnvideo.ru/mordovia24/streamtr/playlist.m3u8
#EXTINF:-1 group-title="Спорт",Моторспорт ТВ
http://185.23.80.26:8080/lb/Motorsport_HD/index.m3u8
#EXTINF:-1 group-title="Познавательные",Моя планета
http://hlstv.kem.211.ru/239.211.200.19/stream.m3u8
#EXTINF:-1 group-title="Познавательные",Моя стихия
http://93.125.34.51:30002/Morskoy/index.m3u8
#EXTINF:-1 group-title="Музыка",Муз ТВ
https://livetv.mylifeisgood.ml/channels/muztvhd.m3u8
#EXTINF:-1 group-title="Детские",Мульт и музыка
http://hlstv.kem.211.ru/239.211.211.12/stream.m3u8
#EXTINF:-1 group-title="Детские",Мультиландия
http://193.33.240.8:8080/multimania/index.m3u8
#EXTINF:-1 group-title="Познавательные",Нано
http://nano.teleservice.su:8080/hls/nano.m3u8
#EXTINF:-1 group-title="Россия",Настоящее время
https://rfe-ingest.akamaized.net/hls/live/2033043/tvmc05/RFE-TVMC05_1080/chunklist.m3u8
#EXTINF:-1 group-title="Кино",Наш Кинопоказ
http://185.23.80.26:8080/lb/NashKinopokaz/index.m3u8
#EXTINF:-1 group-title="Кино и сериалы",Наше любимое кино
http://45.132.87.69:8080/nashelubimoe/index.m3u8
#EXTINF:-1 group-title="Кино",Наше Мужское
http://185.23.80.26:8080/lb/NasheMuzhskoe/index.m3u8
#EXTINF:-1 group-title="Кино",Наше новое кино
http://hlstv.kem.211.ru/239.211.211.143/stream.m3u8
#EXTINF:-1 group-title="Региональные",Ники ТВ
http://serv25.vintera.tv:8081/1pnk/nikitv/playlist.m3u8
#EXTINF:-1 group-title="Кино и сериалы",Новый мир FHD
http://stream.studio360.tv/nw/nw_576p/playlist.m3u8
#EXTINF:-1 group-title="Кино",НСТ
http://176.74.80.162:8099/HCT/index.m3u8
#EXTINF:-1 ,НТВ
http://185.23.80.26:8080/lb/NTV/index.m3u8
#EXTINF:-1 ,НТВ +1
http://cdn.ntv.ru/ntv1_sd/tracks-v1a1/mono.m3u8
#EXTINF:-1 ,НТВ +2
http://cdn.ntv.ru/ntv2_sd/tracks-v1a1/mono.m3u8
#EXTINF:-1 group-title="Россия",НТВ HD
https://cdn.ntv.ru/ntv0_hd/tracks-v1a1/rewind-7150.m3u8
#EXTINF:-1 ,НТВ HD
http://cdn.ntv.ru/ntv0_hd/index.m3u8
#EXTINF:-1 ,НТВ Мир
http://edge05.beetv.kz:80/btv/SWM/SWM_NTV-MIR/SWM_NTV-MIR.m3u8
#EXTINF:-1 group-title="Кино",НТВ Право
https://livetv.mylifeisgood.ml/channels/ntvpravo24.m3u8
#EXTINF:-1 group-title="Кино",НТВ Сериал
https://livetv.mylifeisgood.ml/channels/ntvserial24.m3u8
#EXTINF:-1 group-title="Женские",НТВ Стиль
https://livetv.mylifeisgood.ml/channels/ntvstyle24.m3u8
#EXTINF:-1 group-title="Кино",НТВ Хит
https://livetv.mylifeisgood.ml/channels/ntvhit24.m3u8
#EXTINF:-1 group-title="Кино и сериалы",НТС FHD
http://194.143.148.28:8080/NTS/mpegts
#EXTINF:-1 group-title="Познавательные",Оружие
https://livetv.mylifeisgood.ml/channels/oruzhie.m3u8
#EXTINF:-1 group-title="Кино",Остросюжетное
http://213.172.73.133:8081/nimble_live/9009_Остросюжетное_HD/playlist.m3u8
#EXTINF:-1 ,ОТР
http://84.17.61.200:8085/udp/238.2.0.199:1234
#EXTINF:-1 ,ОТР
https://livetv.mylifeisgood.ml/channels/otr24.m3u8
#EXTINF:-1 group-title="Познавательные",Охотник и рыболов
http://hlstv.kem.211.ru/239.211.211.60/stream.m3u8
#EXTINF:-1  tvg-logo="http://epg.it999.ru/img2/983.png",Первый HD
https://cdn10.1internet.tv/dash-live12/streams/1tv/1tvdash.mpd
#EXTINF:-1 ,Первый HD
https://pkvc-hls4.cdnvideo.ru/Poehali/smil:Poehali.smil/chunklist_b2628000_slru.m3u8
#EXTINF:-1 ,Первый канал
http://185.23.80.26:8080/lb/Pervyj/index.m3u8
#EXTINF:-1 group-title="Россия",Первый канал HD
https://edge2.1internet.tv/dash-live12/streams/1tv/1tvdash.mpd
#EXTINF:-1 ,Первый канал HD
http://edge4.1internet.tv/dash-live12/streams/1tv/1tvdash.mpd
#EXTINF:-1 ,Первый канал HD +4
http://edge4.1internet.tv/dash-live12/streams/1tv-orbit-plus-4/1tv-orbit-plus-4.mpd
#EXTINF:-1  tvg-logo="https://online-red.com/images/tv/one-hd.png",Первый Музыкальный BY
http://rtmp.one.by:1200
#EXTINF:-1 group-title="Музыка",Первый Музыкальный HD
http://rtmp.one.by:1300
#EXTINF:-1 group-title="Музыка",Первый Музыкальный HD
http://rtmp.one.by:2200
#EXTINF:-1  tvg-logo="https://encrypted-tbn0.gstatic.com/images?q=tbn:ANd9GcS8Cy3fsuLzaorl2j4CbpaREwtomc_sd6DlMg&usqp=CAU",Первый Музыкальный RU HD
http://rtmp.one.by:2300
#EXTINF:-1 group-title="Региональные",Первый Ярославский HD
http://yaroslavl.mediacdn.ru/cdn/pervyaroslavsk/playlist_hdlow.m3u8
#EXTINF:-1 group-title="Кино",Победа
http://hlstv.kem.211.ru/239.211.211.169/stream.m3u8
#EXTINF:-1  tvg-logo="http://epg.it999.ru/img2/2771.png",Победа
http://flu.ttk.mx:9090/Pobeda/index.m3u8?token=orh6o
#EXTINF:-1 group-title="Познавательные",Поехали!
http://hlstv.kem.211.ru/239.211.211.102/stream.m3u8
#EXTINF:-1 group-title="Кино",Премиальное
http://213.172.73.133:8081/nimble_live/9008_Премиальное_HD/playlist.m3u8
#EXTINF:-1 group-title="Кино",Про Любовь
http://185.23.80.26:8080/lb/ProLyubov/index.m3u8
#EXTINF:-1 group-title="Россия",Пятый канал
http://185.23.80.26:8080/lb/Pyatyj/index.m3u8
#EXTINF:-1 ,Пятый канал
https://livetv.mylifeisgood.ml/channels/5tv.m3u8
#EXTINF:-1 ,Пятый Канал
http://dmi3y-tv.ru/hls/T2/CH_5TV.m3u8
#EXTINF:-1 group-title="Разные",Раменское ТВ HD
https://e10-ll.facecast.net/rtv/0.m3u8
#EXTINF:-1 group-title="Россия",РБК
https://e3-online-video.rbc.ru/online2/rbctvhd_1080p/index.m3u8
#EXTINF:-1  tvg-logo="http://epg.it999.ru/img2/743.png",РБК ТВ
http://online.video.rbc.ru/online/rbctv_576p/index.m3u8
#EXTINF:-1 ,РБК ТВ
http://online.video.rbc.ru/online/rbctvhd_720p/index.m3u8
#EXTINF:-1 ,РЕН HD
http://84.17.61.200:8085/udp/238.2.0.7:1234
#EXTINF:-1  tvg-logo="http://epg.it999.ru/img2/18.png",РЕН ТВ
http://flu.ttk.mx:9090/REN_TV/index.m3u8?token=orh6o
#EXTINF:-1 group-title="Кино",Ретро
http://138.201.67.145:8081/retro/index.m3u8
#EXTINF:-1 group-title="Кино",Родное кино
http://hlstv.kem.211.ru/239.211.211.144/stream.m3u8
#EXTINF:-1 ,Россия 1
http://185.23.80.25:8080/lb/Rossiya1/index.m3u8
#EXTINF:-1 group-title="Новости",РОССИЯ 1
http://45.159.74.13:80/Rossia1/tracks-v1a1/mono.m3u8
#EXTINF:-1 group-title="Россия",Россия 1 HD
https://livetv.mylifeisgood.ml/channels/russia1.m3u8
#EXTINF:-1 ,Россия 24
https://livetv.mylifeisgood.ml/channels/russia24.m3u8
#EXTINF:-1 group-title="Россия",Россия К
https://livetv.mylifeisgood.ml/channels/russiak.m3u8
#EXTINF:-1 group-title="Новости",Россия РБК
https://online-video.rbc.ru/online/rbctvhd_224p/index.m3u8?e=e8&t=EAfWAL
#EXTINF:-1 ,Россия РТР
http://84.17.61.200:8085/udp/238.2.1.97:1234
#EXTINF:-1 group-title="XXX",Русская ночь
http://a0bn5xro.rostelekom.xyz/iptv/9HDQFHY4ABB7AQ/147/index.m3u8
#EXTINF:-1 group-title="Кино",Русский бестселлер
http://hlstv.kem.211.ru/239.211.211.137/stream.m3u8
#EXTINF:-1 group-title="Кино и сериалы",Русский Бестселлер
http://94.230.240.12:80/rusbestseller/index.m3u8
#EXTINF:-1 group-title="Кино",Русский детектив
http://hlstv.kem.211.ru/239.211.211.95/stream.m3u8
#EXTINF:-1 group-title="Кино и сериалы",Русский Иллюзион
http://86.57.178.105:10823
#EXTINF:-1 group-title="Кино",Русский роман
http://hlstv.kem.211.ru/239.211.200.29/stream.m3u8
#EXTINF:-1 group-title="Детские",Рыжий
http://193.33.240.8:8080/ryzhiy/index.m3u8
#EXTINF:-1 group-title="Кино",Сапфир
https://livetv.mylifeisgood.ml/channels/foxlife.m3u8
#EXTINF:-1 group-title="Региональные",Саратов 24
http://saratov24.tv:80/online/playlist.php
#EXTINF:-1 group-title="Развлекательные",Сарафан
http://86.57.178.105:10822
#EXTINF:-1 group-title="Детские",Смайлик ТВ
https://livetv.mylifeisgood.ml/channels/smile.m3u8
#EXTINF:-1 ,Соловьёв Live
http://hlstv.kem.211.ru/239.211.211.104/stream.m3u8
#EXTINF:-1  tvg-logo="https://antifriztv.com/storage/images/pack_logos/51de7a32b761165b4e7ac15866b2af76.png",Спортивный HD
https://live-k2302-kbp.1plus1.video/sport/smil:sport.smil/playlist.m3u8
#EXTINF:-1  tvg-logo="https://antifriztv.com/storage/images/pack_logos/51de7a32b761165b4e7ac15866b2af76.png",Спортивный HD
https://bl.uma.media/live/126866/HLS/6866944_4/1/1/playlist.m3u8
#EXTINF:-1 group-title="Спорт",Старт
https://livetv.mylifeisgood.ml/channels/startlive.m3u8
#EXTINF:-1  tvg-logo="https://iptvxcdn.ml/start.png",Старт
https://livetv.mylifeisgood.ml/channels/startlive
#EXTINF:-1 group-title="Разные",СТВ (Беларусь)
http://80.94.225.126:8080/STV/mono.m3u8
#EXTINF:-1 group-title="Музыка",Страна FM HD
http://live.stranafm.cdnvideo.ru/stranafm/stranafm_hd.sdp/playlist.m3u8
#EXTINF:-1 ,СТС HD
http://84.17.61.200:8085/udp/238.2.0.8:1234
#EXTINF:-1 ,СТС International
http://edge05.beetv.kz:80/btv/icon/CTC_International/CTC_International.m3u8
#EXTINF:-1 group-title="Детские",СТС KIDS HD
http://138.201.67.145:8081/stskids/index.m3u8
#EXTINF:-1 group-title="Развлекательные",СТС Love
http://176.74.80.162:8099/CTCLove/index.m3u8
#EXTINF:-1 group-title="Кино",Суббота
https://bl.uma.media/live/317845/HLS/4614144_3,2883584_2,1153024_1/1613109268/2fb2de98a984b4b86bc2cdd980da3430/playlist.m3u8
#EXTINF:-1 group-title="Развлекательные",Суббота HD
https://bl.uma.media/live/317845/HLS/317845_3/1/1/playlist.m3u8
#EXTINF:-1  tvg-logo="http://epg.it999.ru/img2/2288.png",Суббота! HD
https://bl.uma.media/live/317845/HLS/4614144_3/1/1/playlist.m3u8
#EXTINF:-1 group-title="Кино",Тайна
http://hlstv.kem.211.ru/239.211.211.124/stream.m3u8
#EXTINF:-1 group-title="Региональные",Тамыр
http://bsttv.bonus-tv.ru/cdn/tamyr/playlist_sdhigh.m3u8
#EXTINF:-1 group-title="Россия",ТВ Центр
https://livetv.mylifeisgood.ml/channels/tvc24.m3u8
#EXTINF:-1 group-title="Познавательные",ТВ Экстра
http://live-1.otcnet.ru:80/tvextra720b/index.m3u8
#EXTINF:-1 group-title="Региональные",ТВК 24 (Красноярск)
http://air.tvk6.ru/tvk24/tracks-v2a1/mono.m3u8
#EXTINF:-1 ,ТВЦ
http://84.17.61.200:8085/udp/238.2.0.3:1234
#EXTINF:-1 ,ТВЦ
https://tvc-hls.cdnvideo.ru/tvc-res/smil:vd9221_2.smil/playlist.m3u8
#EXTINF:-1 ,ТВЦ International
https://nl01.spr24.net/1982/mpegts?token=brm93nV8tUcCAN
#EXTINF:-1 group-title="Познавательные",Театр
http://146.158.0.56:80/Teatr/index.m3u8
#EXTINF:-1  tvg-logo="http://epg.it999.ru/img2/2782.png",Телеканал Футбол
http://flu.ttk.mx:9090/Futbol/index.m3u8?token=orh6o
#EXTINF:-1 group-title="Познавательные",Техно 24
http://hlstv.kem.211.ru/239.211.211.45/stream.m3u8
#EXTINF:-1 ,ТНТ
http://185.23.80.26:8080/lb/TNT/index.m3u8
#EXTINF:-1 group-title="Развлекательные",ТНТ Exclusiv tv
http://89.28.25.122/hls/tnt_md.m3u8
#EXTINF:-1 ,ТНТ HD
http://84.17.61.200:8085/udp/238.2.0.6:1234
#EXTINF:-1 ,ТНТ International
http://edge05.beetv.kz:80/btv/SWM/TNT_HD_RUS/TNT_HD_RUS.m3u8
#EXTINF:-1 group-title="Музыка",ТНТ Music HD
https://livetv.mylifeisgood.ml/channels/tntmusicru.m3u8
#EXTINF:-1 ,ТНТ4
http://84.17.61.200:8085/udp/238.2.0.41:1234
#EXTINF:-1 ,ТНТ4
https://livetv.mylifeisgood.ml/channels/tnt4.m3u8
#EXTINF:-1 group-title="Россия",ТНТ4 HD
https://bl.uma.media/live/317849/HLS/4614144_3/1647494495/6f25a13cb69de84821901352d0815304/playlist.m3u8
#EXTINF:-1 group-title="Развлекательные",ТНТ4 HD
https://bl.uma.media/live/317849/HLS/317849_3/1/1/playlist.m3u8
#EXTINF:-1 group-title="Познавательные",Тонус ТВ
http://185.23.80.26:8080/lb/Zdorove/index.m3u8
#EXTINF:-1 group-title="Познавательные",Точка Отрыва
http://185.52.77.43:8080/TochkaOtriva/index.m3u8
#EXTINF:-1 group-title="Познавательные",Точка ТВ
http://185.23.80.26:8080/lb/TochkaTV/index.m3u8
#EXTINF:-1 group-title="Разные",ТРОТЕК
http://trotek.keenetic.pro/play.m3u8
#EXTINF:-1 group-title="Разные",ТСВ (Приднестровье)
https://iptv-hls.idc.md/hls/2/live2.m3u8
#EXTINF:-1 group-title="Новости",Униан ТВ
http://portal.ott.pink/watch/236/video.m3u8?geo=auto&token=CFEADF9789D77A45B3B359EE168CCCA6
#EXTINF:-1 group-title="Познавательные",Усадьба
http://94.230.240.17:8080/usadba/index.m3u8
#EXTINF:-1 ,Фантастика HD
http://czrb8vng.ottclub.xyz/iptv/VK3AX8MG8ZGVY9/11070/index.m3u8
#EXTINF:-1 ,Фантастика HD
http://fs1.persik.by/409130_2/index.m3u8
#EXTINF:-1 group-title="Спорт",Футбол
http://185.23.80.26:8080/lb/Football/index.m3u8
#EXTINF:-1 ,Фэнтези HD
http://fs1.persik.by/484146/index.m3u8
#EXTINF:-1 group-title="Кино",Хит
http://185.23.80.26:8080/lb/Xit/index.m3u8
#EXTINF:-1 ,Че
http://84.17.61.200:8085/udp/238.2.0.109:1234
#EXTINF:-1  tvg-logo="https://epg.iptvx.one/icn/shanson-tv.png",Шансон-ТВ
http://hls-shansontv.cdnvideo.ru/shansontv/shansontv.sdp/playlist.m3u8
#EXTINF:-1 group-title="Региональные",Щелковское ТВ
http://stream0.tv41.ru/live.m3u8
#EXTINF:-1 ,Эрос ТВ/Viju TV1000
https://live-erostv.cdnvideo.ru/erostv/erostv.sdp/playlist.m3u8
#EXTINF:-1 group-title="Региональные",Эхо ТВ 24
http://stream.novouralsk-news.ru/echotv24/live.m3u8
#EXTINF:-1  tvg-logo="http://epg.it999.ru/img2/898.png",Ю
http://flu.ttk.mx:9090/U/index.m3u8?token=orh6o